commit 907f3a4f12fb405900315a9942096f2e27a672b4
Author: Bao Nguyen <mannywrxnguyen@gmail.com>
Date:   Wed Jun 17 21:18:59 2015 -0500

    update with Collatz.html and log

commit 766caeb2303248e00f025f0ab75abe8bbb8f69f4
Author: Bao Nguyen <mannywrxnguyen@gmail.com>
Date:   Wed Jun 17 20:57:56 2015 -0500

    with cache

commit 9475a3f840867f0769483b04d5ef392e4fcbce97
Author: Bao Nguyen <mannywrxnguyen@gmail.com>
Date:   Wed Jun 17 20:56:59 2015 -0500

    with cache

commit 3bfdb505006dd699b07f33b409334c73cdb73f4c
Author: Bao Nguyen <mannywrxnguyen@gmail.com>
Date:   Wed Jun 17 18:10:51 2015 -0500

    working test

commit 92b69c8ffbfd3140622e1c93113c4dadc73ca7dd
Author: Bao Nguyen <mannywrxnguyen@gmail.com>
Date:   Wed Jun 17 16:39:54 2015 -0500

    another commit

commit f535dab2cf43dc6dbafd5d6168ba62bf4b9bb3e1
Author: Bao Nguyen <mannywrxnguyen@gmail.com>
Date:   Tue Jun 16 18:46:22 2015 -0500

    another attempt

commit fb1e486371410184a96a9f5e2db6be0f0922dfce
Author: Bao Nguyen <mannywrxnguyen@gmail.com>
Date:   Mon Jun 15 01:21:12 2015 -0500

    update

commit 9eef6a4f2ff11e879c3437a3190ff4d013690629
Author: Bao Nguyen <mannywrxnguyen@gmail.com>
Date:   Mon Jun 15 00:24:19 2015 -0500

    second commit

commit 1105546554322b7c0314e588d90dfb5667152592
Author: Bao Nguyen <mannywrxnguyen@gmail.com>
Date:   Sun Jun 14 22:37:14 2015 -0500

    first commit dev branch

commit a4ce4419577ca63b197d6ca21b96dc0e800f3cc3
Author: Bao Nguyen <mannywrxnguyen@gmail.com>
Date:   Sun Jun 14 22:28:49 2015 -0500

    first push

commit 0d48a4f2e0c5e46f4289b27730648244dc527a21
Author: Bao Nguyen <mannywrxnguyen@gmail.com>
Date:   Sun Jun 14 21:26:48 2015 -0500

    first commit
