1 10 20
1 999999 525
100 200 125
201 210 89
900 1000 174
9 5 20
1 1 1
8 9 20
5 9 20
4 4 3
2 3 8
5 9 20
5 9 20
4 6 9
25 37 112
78 98 119
41 71 113
40 69 113
50 98 119
50 76 116
42 82 116
50 98 119
64 64 7
31 52 110
41 80 116
45 89 116
56 79 116
42 83 116
78 89 111
52 90 116
21 40 112
55 75 116
67 96 116
39 77 116
49 51 25
44 64 113
35 69 113
44 81 116
22 42 112
41 81 116
43 50 105
47 81 116
44 62 113
92 93 18
29 57 113
32 63 113
17 33 112
43 69 113
146 290 128
483 964 179
505 775 171
650 711 171
891 904 117
436 480 129
469 936 179
415 443 134
415 623 142
487 954 179
4220 4466 215
1748 3494 217
3064 4727 238
5397 9187 262
6829 7592 257
4506 7935 262
4256 8510 262
7525 8761 252
6445 8315 257
4740 5455 210
19560 26158 282
26483 52965 340
36005 72009 340
77701 84634 338
75749 84866 351
23986 44473 324
30161 60320 340
25538 42645 324
60262 81372 351
41787 83572 351
246185 254228 350
332 662 145
253 505 144
303 605 144
677 680 65
386 771 171
235 469 144
449 897 179
308 614 144
481 853 171
341 680 145
140 174 125
395 581 142
413 824 171
218 404 144
685 784 171
646 835 171
53 104 119
296 405 144
623 745 171
679 834 171
359 717 171
